{"/Users/mac/Documents/Projects/game/tic-tac-toe/src/globalStyles.js": {"path":"/Users/mac/Documents/Projects/game/tic-tac-toe/src/globalStyles.js","statementMap":{"0":{"start":{"line":3,"column":27},"end":{"line":13,"column":1}}},"fnMap":{},"branchMap":{},"s":{"0":1},"f":{},"b":{},"_coverageSchema":"1a1c01bbd47fc00a2c39e90264f33305004495a9","hash":"0be74b80333d3bc5618400714e7a273969d8d31f"}
,"/Users/mac/Documents/Projects/game/tic-tac-toe/src/ticTacToeMachine.js": {"path":"/Users/mac/Documents/Projects/game/tic-tac-toe/src/ticTacToeMachine.js","statementMap":{"0":{"start":{"line":3,"column":23},"end":{"line":7,"column":1}},"1":{"start":{"line":9,"column":20},"end":{"line":29,"column":1}},"2":{"start":{"line":10,"column":30},"end":{"line":19,"column":3}},"3":{"start":{"line":21,"column":2},"end":{"line":26,"column":3}},"4":{"start":{"line":22,"column":22},"end":{"line":22,"column":27}},"5":{"start":{"line":23,"column":4},"end":{"line":25,"column":5}},"6":{"start":{"line":24,"column":6},"end":{"line":24,"column":22}},"7":{"start":{"line":28,"column":2},"end":{"line":28,"column":14}},"8":{"start":{"line":31,"column":15},"end":{"line":33,"column":1}},"9":{"start":{"line":32,"column":2},"end":{"line":32,"column":44}},"10":{"start":{"line":32,"column":29},"end":{"line":32,"column":42}},"11":{"start":{"line":35,"column":32},"end":{"line":98,"column":2}},"12":{"start":{"line":85,"column":23},"end":{"line":85,"column":41}},"13":{"start":{"line":86,"column":6},"end":{"line":86,"column":52}},"14":{"start":{"line":87,"column":6},"end":{"line":87,"column":45}},"15":{"start":{"line":89,"column":41},"end":{"line":91,"column":5}},"16":{"start":{"line":92,"column":28},"end":{"line":92,"column":42}},"17":{"start":{"line":95,"column":30},"end":{"line":95,"column":65}},"18":{"start":{"line":96,"column":27},"end":{"line":96,"column":48}}},"fnMap":{"0":{"name":"(anonymous_0)","decl":{"start":{"line":9,"column":20},"end":{"line":9,"column":21}},"loc":{"start":{"line":9,"column":31},"end":{"line":29,"column":1}},"line":9},"1":{"name":"(anonymous_1)","decl":{"start":{"line":31,"column":15},"end":{"line":31,"column":16}},"loc":{"start":{"line":31,"column":26},"end":{"line":33,"column":1}},"line":31},"2":{"name":"(anonymous_2)","decl":{"start":{"line":32,"column":21},"end":{"line":32,"column":22}},"loc":{"start":{"line":32,"column":29},"end":{"line":32,"column":42}},"line":32},"3":{"name":"(anonymous_3)","decl":{"start":{"line":84,"column":21},"end":{"line":84,"column":22}},"loc":{"start":{"line":84,"column":43},"end":{"line":88,"column":5}},"line":84},"4":{"name":"(anonymous_4)","decl":{"start":{"line":89,"column":25},"end":{"line":89,"column":26}},"loc":{"start":{"line":89,"column":41},"end":{"line":91,"column":5}},"line":89},"5":{"name":"(anonymous_5)","decl":{"start":{"line":92,"column":22},"end":{"line":92,"column":23}},"loc":{"start":{"line":92,"column":28},"end":{"line":92,"column":42}},"line":92},"6":{"name":"(anonymous_6)","decl":{"start":{"line":95,"column":15},"end":{"line":95,"column":16}},"loc":{"start":{"line":95,"column":30},"end":{"line":95,"column":65}},"line":95},"7":{"name":"(anonymous_7)","decl":{"start":{"line":96,"column":12},"end":{"line":96,"column":13}},"loc":{"start":{"line":96,"column":27},"end":{"line":96,"column":48}},"line":96}},"branchMap":{"0":{"loc":{"start":{"line":23,"column":4},"end":{"line":25,"column":5}},"type":"if","locations":[{"start":{"line":23,"column":4},"end":{"line":25,"column":5}},{"start":{},"end":{}}],"line":23},"1":{"loc":{"start":{"line":23,"column":8},"end":{"line":23,"column":66}},"type":"binary-expr","locations":[{"start":{"line":23,"column":8},"end":{"line":23,"column":16}},{"start":{"line":23,"column":20},"end":{"line":23,"column":41}},{"start":{"line":23,"column":45},"end":{"line":23,"column":66}}],"line":23},"2":{"loc":{"start":{"line":90,"column":21},"end":{"line":90,"column":62}},"type":"cond-expr","locations":[{"start":{"line":90,"column":53},"end":{"line":90,"column":56}},{"start":{"line":90,"column":59},"end":{"line":90,"column":62}}],"line":90}},"s":{"0":3,"1":3,"2":18,"3":18,"4":137,"5":137,"6":1,"7":17,"8":3,"9":17,"10":69,"11":3,"12":18,"13":18,"14":18,"15":16,"16":2,"17":18,"18":17},"f":{"0":18,"1":17,"2":69,"3":18,"4":16,"5":2,"6":18,"7":17},"b":{"0":[1,136],"1":[137,86,15],"2":[10,6]},"_coverageSchema":"1a1c01bbd47fc00a2c39e90264f33305004495a9","hash":"9bd00138c12a96946c849d8b8fef68f732d442cb"}
,"/Users/mac/Documents/Projects/game/tic-tac-toe/src/components/board/Board.jsx": {"path":"/Users/mac/Documents/Projects/game/tic-tac-toe/src/components/board/Board.jsx","statementMap":{"0":{"start":{"line":5,"column":14},"end":{"line":18,"column":1}},"1":{"start":{"line":6,"column":2},"end":{"line":17,"column":3}},"2":{"start":{"line":9,"column":8},"end":{"line":14,"column":10}},"3":{"start":{"line":12,"column":25},"end":{"line":12,"column":43}}},"fnMap":{"0":{"name":"(anonymous_0)","decl":{"start":{"line":5,"column":14},"end":{"line":5,"column":15}},"loc":{"start":{"line":5,"column":52},"end":{"line":18,"column":1}},"line":5},"1":{"name":"(anonymous_1)","decl":{"start":{"line":8,"column":17},"end":{"line":8,"column":18}},"loc":{"start":{"line":9,"column":8},"end":{"line":14,"column":10}},"line":9},"2":{"name":"(anonymous_2)","decl":{"start":{"line":12,"column":19},"end":{"line":12,"column":20}},"loc":{"start":{"line":12,"column":25},"end":{"line":12,"column":43}},"line":12}},"branchMap":{"0":{"loc":{"start":{"line":7,"column":34},"end":{"line":7,"column":69}},"type":"binary-expr","locations":[{"start":{"line":7,"column":34},"end":{"line":7,"column":54}},{"start":{"line":7,"column":58},"end":{"line":7,"column":69}}],"line":7}},"s":{"0":3,"1":8,"2":72,"3":3},"f":{"0":8,"1":72,"2":3},"b":{"0":[8,2]},"_coverageSchema":"1a1c01bbd47fc00a2c39e90264f33305004495a9","hash":"96c6517e7e80ee60c674c7533546e979d995a802"}
,"/Users/mac/Documents/Projects/game/tic-tac-toe/src/components/board/Board.styles.js": {"path":"/Users/mac/Documents/Projects/game/tic-tac-toe/src/components/board/Board.styles.js","statementMap":{"0":{"start":{"line":3,"column":30},"end":{"line":8,"column":1}}},"fnMap":{},"branchMap":{},"s":{"0":3},"f":{},"b":{},"_coverageSchema":"1a1c01bbd47fc00a2c39e90264f33305004495a9","hash":"c096a3d4c6203b41a0de0b765154a61c6f0f55c8"}
,"/Users/mac/Documents/Projects/game/tic-tac-toe/src/components/button/Button.jsx": {"path":"/Users/mac/Documents/Projects/game/tic-tac-toe/src/components/button/Button.jsx","statementMap":{"0":{"start":{"line":4,"column":15},"end":{"line":10,"column":1}},"1":{"start":{"line":5,"column":2},"end":{"line":9,"column":4}}},"fnMap":{"0":{"name":"(anonymous_0)","decl":{"start":{"line":4,"column":15},"end":{"line":4,"column":16}},"loc":{"start":{"line":4,"column":52},"end":{"line":10,"column":1}},"line":4}},"branchMap":{"0":{"loc":{"start":{"line":6,"column":64},"end":{"line":6,"column":100}},"type":"binary-expr","locations":[{"start":{"line":6,"column":64},"end":{"line":6,"column":84}},{"start":{"line":6,"column":88},"end":{"line":6,"column":100}}],"line":6}},"s":{"0":3,"1":16},"f":{"0":16},"b":{"0":[16,3]},"_coverageSchema":"1a1c01bbd47fc00a2c39e90264f33305004495a9","hash":"ca519e0387b221e9f0d51eeda728e011550d6d7e"}
,"/Users/mac/Documents/Projects/game/tic-tac-toe/src/components/button/Button.styles.js": {"path":"/Users/mac/Documents/Projects/game/tic-tac-toe/src/components/button/Button.styles.js","statementMap":{"0":{"start":{"line":3,"column":31},"end":{"line":16,"column":1}}},"fnMap":{},"branchMap":{},"s":{"0":3},"f":{},"b":{},"_coverageSchema":"1a1c01bbd47fc00a2c39e90264f33305004495a9","hash":"a21a095922089a554c9e9ab523556eafcbd34270"}
,"/Users/mac/Documents/Projects/game/tic-tac-toe/src/components/cell/Cell.jsx": {"path":"/Users/mac/Documents/Projects/game/tic-tac-toe/src/components/cell/Cell.jsx","statementMap":{"0":{"start":{"line":4,"column":13},"end":{"line":10,"column":1}},"1":{"start":{"line":5,"column":2},"end":{"line":9,"column":3}}},"fnMap":{"0":{"name":"(anonymous_0)","decl":{"start":{"line":4,"column":13},"end":{"line":4,"column":14}},"loc":{"start":{"line":4,"column":38},"end":{"line":10,"column":1}},"line":4}},"branchMap":{"0":{"loc":{"start":{"line":6,"column":43},"end":{"line":6,"column":77}},"type":"binary-expr","locations":[{"start":{"line":6,"column":43},"end":{"line":6,"column":63}},{"start":{"line":6,"column":67},"end":{"line":6,"column":77}}],"line":6}},"s":{"0":4,"1":75},"f":{"0":75},"b":{"0":[75,3]},"_coverageSchema":"1a1c01bbd47fc00a2c39e90264f33305004495a9","hash":"5014fb568909dfd4c70cc4f63087a224c8247513"}
,"/Users/mac/Documents/Projects/game/tic-tac-toe/src/components/cell/Cell.styles.js": {"path":"/Users/mac/Documents/Projects/game/tic-tac-toe/src/components/cell/Cell.styles.js","statementMap":{"0":{"start":{"line":3,"column":29},"end":{"line":18,"column":1}}},"fnMap":{},"branchMap":{},"s":{"0":4},"f":{},"b":{},"_coverageSchema":"1a1c01bbd47fc00a2c39e90264f33305004495a9","hash":"a07f748bc5a77fce3fde9b5a99aae9937a131a50"}
,"/Users/mac/Documents/Projects/game/tic-tac-toe/src/components/gameStatus/GameStatus.jsx": {"path":"/Users/mac/Documents/Projects/game/tic-tac-toe/src/components/gameStatus/GameStatus.jsx","statementMap":{"0":{"start":{"line":4,"column":19},"end":{"line":12,"column":1}},"1":{"start":{"line":5,"column":2},"end":{"line":11,"column":3}}},"fnMap":{"0":{"name":"(anonymous_0)","decl":{"start":{"line":4,"column":19},"end":{"line":4,"column":20}},"loc":{"start":{"line":4,"column":34},"end":{"line":12,"column":1}},"line":4}},"branchMap":{"0":{"loc":{"start":{"line":7,"column":7},"end":{"line":7,"column":117}},"type":"binary-expr","locations":[{"start":{"line":7,"column":7},"end":{"line":7,"column":31}},{"start":{"line":7,"column":35},"end":{"line":7,"column":117}}],"line":7},"1":{"loc":{"start":{"line":8,"column":7},"end":{"line":8,"column":98}},"type":"binary-expr","locations":[{"start":{"line":8,"column":7},"end":{"line":8,"column":27}},{"start":{"line":8,"column":31},"end":{"line":8,"column":98}}],"line":8},"2":{"loc":{"start":{"line":9,"column":7},"end":{"line":9,"column":72}},"type":"binary-expr","locations":[{"start":{"line":9,"column":7},"end":{"line":9,"column":28}},{"start":{"line":9,"column":32},"end":{"line":9,"column":72}}],"line":9}},"s":{"0":3,"1":9},"f":{"0":9},"b":{"0":[9,7],"1":[9,1],"2":[9,1]},"_coverageSchema":"1a1c01bbd47fc00a2c39e90264f33305004495a9","hash":"ea5d900e0dd76982170b05c30ff99d90f436d6ca"}
,"/Users/mac/Documents/Projects/game/tic-tac-toe/src/components/gameStatus/GameStatus.styles.js": {"path":"/Users/mac/Documents/Projects/game/tic-tac-toe/src/components/gameStatus/GameStatus.styles.js","statementMap":{"0":{"start":{"line":3,"column":31},"end":{"line":7,"column":1}}},"fnMap":{},"branchMap":{},"s":{"0":3},"f":{},"b":{},"_coverageSchema":"1a1c01bbd47fc00a2c39e90264f33305004495a9","hash":"68864bb203cf699909a1bf2cd787a8939ae08a32"}
,"/Users/mac/Documents/Projects/game/tic-tac-toe/src/pages/GamePage.jsx": {"path":"/Users/mac/Documents/Projects/game/tic-tac-toe/src/pages/GamePage.jsx","statementMap":{"0":{"start":{"line":9,"column":17},"end":{"line":40,"column":1}},"1":{"start":{"line":10,"column":24},"end":{"line":10,"column":52}},"2":{"start":{"line":12,"column":22},"end":{"line":15,"column":3}},"3":{"start":{"line":13,"column":4},"end":{"line":13,"column":91}},"4":{"start":{"line":13,"column":85},"end":{"line":13,"column":91}},"5":{"start":{"line":14,"column":4},"end":{"line":14,"column":39}},"6":{"start":{"line":17,"column":22},"end":{"line":19,"column":3}},"7":{"start":{"line":18,"column":4},"end":{"line":18,"column":27}},"8":{"start":{"line":21,"column":22},"end":{"line":23,"column":3}},"9":{"start":{"line":22,"column":4},"end":{"line":22,"column":27}},"10":{"start":{"line":25,"column":2},"end":{"line":39,"column":3}}},"fnMap":{"0":{"name":"(anonymous_0)","decl":{"start":{"line":9,"column":17},"end":{"line":9,"column":18}},"loc":{"start":{"line":9,"column":23},"end":{"line":40,"column":1}},"line":9},"1":{"name":"(anonymous_1)","decl":{"start":{"line":12,"column":22},"end":{"line":12,"column":23}},"loc":{"start":{"line":12,"column":33},"end":{"line":15,"column":3}},"line":12},"2":{"name":"(anonymous_2)","decl":{"start":{"line":17,"column":22},"end":{"line":17,"column":23}},"loc":{"start":{"line":17,"column":28},"end":{"line":19,"column":3}},"line":17},"3":{"name":"(anonymous_3)","decl":{"start":{"line":21,"column":22},"end":{"line":21,"column":23}},"loc":{"start":{"line":21,"column":28},"end":{"line":23,"column":3}},"line":21}},"branchMap":{"0":{"loc":{"start":{"line":13,"column":4},"end":{"line":13,"column":91}},"type":"if","locations":[{"start":{"line":13,"column":4},"end":{"line":13,"column":91}},{"start":{},"end":{}}],"line":13},"1":{"loc":{"start":{"line":13,"column":8},"end":{"line":13,"column":83}},"type":"binary-expr","locations":[{"start":{"line":13,"column":8},"end":{"line":13,"column":34}},{"start":{"line":13,"column":38},"end":{"line":13,"column":58}},{"start":{"line":13,"column":62},"end":{"line":13,"column":83}}],"line":13},"2":{"loc":{"start":{"line":28,"column":7},"end":{"line":37,"column":7}},"type":"cond-expr","locations":[{"start":{"line":29,"column":8},"end":{"line":29,"column":84}},{"start":{"line":31,"column":8},"end":{"line":36,"column":11}}],"line":28}},"s":{"0":2,"1":13,"2":13,"3":2,"4":0,"5":2,"6":13,"7":1,"8":13,"9":4,"10":13},"f":{"0":13,"1":2,"2":1,"3":4},"b":{"0":[0,2],"1":[2,2,2],"2":[7,6]},"_coverageSchema":"1a1c01bbd47fc00a2c39e90264f33305004495a9","hash":"a445d5407333d5dd54f0f681b8f9409d11e1a548"}
,"/Users/mac/Documents/Projects/game/tic-tac-toe/src/pages/GamePage.styles.js": {"path":"/Users/mac/Documents/Projects/game/tic-tac-toe/src/pages/GamePage.styles.js","statementMap":{"0":{"start":{"line":3,"column":29},"end":{"line":9,"column":1}},"1":{"start":{"line":11,"column":22},"end":{"line":14,"column":1}}},"fnMap":{},"branchMap":{},"s":{"0":2,"1":2},"f":{},"b":{},"_coverageSchema":"1a1c01bbd47fc00a2c39e90264f33305004495a9","hash":"03b5f157d2dc636e66dd8f1ea5a3bdea53682c09"}
}
