TN:
SF:src/globalStyles.js
FNF:0
FNH:0
DA:3,1
LF:1
LH:1
BRF:0
BRH:0
end_of_record
TN:
SF:src/ticTacToeMachine.js
FN:9,(anonymous_0)
FN:31,(anonymous_1)
FN:32,(anonymous_2)
FN:84,(anonymous_3)
FN:89,(anonymous_4)
FN:92,(anonymous_5)
FN:95,(anonymous_6)
FN:96,(anonymous_7)
FNF:8
FNH:8
FNDA:18,(anonymous_0)
FNDA:17,(anonymous_1)
FNDA:69,(anonymous_2)
FNDA:18,(anonymous_3)
FNDA:16,(anonymous_4)
FNDA:2,(anonymous_5)
FNDA:18,(anonymous_6)
FNDA:17,(anonymous_7)
DA:3,3
DA:9,3
DA:10,18
DA:21,18
DA:22,137
DA:23,137
DA:24,1
DA:28,17
DA:31,3
DA:32,69
DA:35,3
DA:85,18
DA:86,18
DA:87,18
DA:89,16
DA:92,2
DA:95,18
DA:96,17
LF:18
LH:18
BRDA:23,0,0,1
BRDA:23,0,1,136
BRDA:23,1,0,137
BRDA:23,1,1,86
BRDA:23,1,2,15
BRDA:90,2,0,10
BRDA:90,2,1,6
BRF:7
BRH:7
end_of_record
TN:
SF:src/components/board/Board.jsx
FN:5,(anonymous_0)
FN:8,(anonymous_1)
FN:12,(anonymous_2)
FNF:3
FNH:3
FNDA:8,(anonymous_0)
FNDA:72,(anonymous_1)
FNDA:3,(anonymous_2)
DA:5,3
DA:6,8
DA:9,72
DA:12,3
LF:4
LH:4
BRDA:7,0,0,8
BRDA:7,0,1,2
BRF:2
BRH:2
end_of_record
TN:
SF:src/components/board/Board.styles.js
FNF:0
FNH:0
DA:3,3
LF:1
LH:1
BRF:0
BRH:0
end_of_record
TN:
SF:src/components/button/Button.jsx
FN:4,(anonymous_0)
FNF:1
FNH:1
FNDA:16,(anonymous_0)
DA:4,3
DA:5,16
LF:2
LH:2
BRDA:6,0,0,16
BRDA:6,0,1,3
BRF:2
BRH:2
end_of_record
TN:
SF:src/components/button/Button.styles.js
FNF:0
FNH:0
DA:3,3
LF:1
LH:1
BRF:0
BRH:0
end_of_record
TN:
SF:src/components/cell/Cell.jsx
FN:4,(anonymous_0)
FNF:1
FNH:1
FNDA:75,(anonymous_0)
DA:4,4
DA:5,75
LF:2
LH:2
BRDA:6,0,0,75
BRDA:6,0,1,3
BRF:2
BRH:2
end_of_record
TN:
SF:src/components/cell/Cell.styles.js
FNF:0
FNH:0
DA:3,4
LF:1
LH:1
BRF:0
BRH:0
end_of_record
TN:
SF:src/components/gameStatus/GameStatus.jsx
FN:4,(anonymous_0)
FNF:1
FNH:1
FNDA:9,(anonymous_0)
DA:4,3
DA:5,9
LF:2
LH:2
BRDA:7,0,0,9
BRDA:7,0,1,7
BRDA:8,1,0,9
BRDA:8,1,1,1
BRDA:9,2,0,9
BRDA:9,2,1,1
BRF:6
BRH:6
end_of_record
TN:
SF:src/components/gameStatus/GameStatus.styles.js
FNF:0
FNH:0
DA:3,3
LF:1
LH:1
BRF:0
BRH:0
end_of_record
TN:
SF:src/pages/GamePage.jsx
FN:9,(anonymous_0)
FN:12,(anonymous_1)
FN:17,(anonymous_2)
FN:21,(anonymous_3)
FNF:4
FNH:4
FNDA:13,(anonymous_0)
FNDA:2,(anonymous_1)
FNDA:1,(anonymous_2)
FNDA:4,(anonymous_3)
DA:9,2
DA:10,13
DA:12,13
DA:13,2
DA:14,2
DA:17,13
DA:18,1
DA:21,13
DA:22,4
DA:25,13
LF:10
LH:10
BRDA:13,0,0,0
BRDA:13,0,1,2
BRDA:13,1,0,2
BRDA:13,1,1,2
BRDA:13,1,2,2
BRDA:28,2,0,7
BRDA:28,2,1,6
BRF:7
BRH:6
end_of_record
TN:
SF:src/pages/GamePage.styles.js
FNF:0
FNH:0
DA:3,2
DA:11,2
LF:2
LH:2
BRF:0
BRH:0
end_of_record
